<?xml version="1.0" encoding="UTF-8"?>
<!-- Generated by org.testng.reporters.JUnitReportReporter -->
<testsuite hostname="DESKTOP-OBR5FT2" failures="0" tests="2" name="com.privateschool.test.TestLogin" time="33.764" errors="0" timestamp="19 Oct 2023 09:10:55 GMT" skipped="0">
  <testcase classname="com.privateschool.test.TestLogin" name="VerifyLogin_ValidCredential" time="20.277"/>
  <testcase classname="com.privateschool.test.TestLogin" name="VerifyLogin_InvalidCredential" time="13.487"/>
</testsuite> <!-- com.privateschool.test.TestLogin -->
